4/14/2025, 8:00:01 AM | Found IDs
adID=70260465
4/15/2025, 8:00:01 AM | Found IDs
adID=70260465
4/16/2025, 8:00:02 AM | Found IDs
adID=70260465
4/17/2025, 8:00:01 AM | Found IDs
adID=70260465
4/18/2025, 8:00:01 AM | Found IDs
adID=70260465
4/19/2025, 8:00:01 AM | Found IDs
adID=70260465
4/20/2025, 8:00:01 AM | Found IDs
adID=70260465
4/21/2025, 8:00:01 AM | Found IDs
adID=70260465
4/22/2025, 8:00:01 AM | Found IDs
adID=70260465
4/23/2025, 8:00:01 AM | Found IDs
adID=70260465
4/24/2025, 8:00:01 AM | Found IDs
adID=70260465
4/25/2025, 8:00:01 AM | Found IDs
adID=70260465
4/26/2025, 8:00:01 AM | Found IDs
adID=70260465
4/27/2025, 8:00:02 AM | Found IDs
adID=70260465
4/28/2025, 8:00:01 AM | Found IDs
adID=70260465
4/28/2025, 6:31:21 PM | Found IDs
adID=70260465
4/28/2025, 6:31:21 PM | Attempting adID=70260465 renewal
4/28/2025, 6:31:21 PM | New rating: 54 (+3880)
4/29/2025, 8:00:01 AM | Found IDs:adID=70260465
4/29/2025, 8:00:01 AM | Attempting adID=70260465 renewal
4/29/2025, 8:00:01 AM | You can update only once every 24 hrs
4/30/2025, 8:00:01 AM | Found IDs:adID=70260465
4/30/2025, 8:00:01 AM | Attempting adID=70260465 renewal
4/30/2025, 8:00:01 AM | New rating: 61 (+2181)
5/1/2025, 8:00:01 AM | Found IDs:adID=70260465
5/1/2025, 8:00:01 AM | Attempting adID=70260465 renewal
5/1/2025, 8:00:01 AM | New rating: 50 (+1604)
5/2/2025, 8:00:01 AM | Found IDs:adID=70260465
5/2/2025, 8:00:01 AM | Attempting adID=70260465 renewal
5/2/2025, 8:00:02 AM | New rating: 48 (+1615)
5/3/2025, 8:00:01 AM | Found IDs:adID=70260465
5/3/2025, 8:00:02 AM | Attempting adID=70260465 renewal
5/3/2025, 8:00:02 AM | New rating: 46 (+1607)
5/4/2025, 8:00:01 AM | Found IDs:adID=70260465
5/4/2025, 8:00:02 AM | Attempting adID=70260465 renewal
5/4/2025, 8:00:02 AM | New rating: 40 (+1275)
